<?xml version="1.0" encoding="UTF-8"?>
<testng-results skipped="0" failed="1" total="4" passed="3">
  <reporter-output>
  </reporter-output>
  <suite name="Suite" duration-ms="84144" started-at="2021-06-13T09:59:02Z" finished-at="2021-06-13T10:00:27Z">
    <groups>
    </groups>
    <test name="HomePage" duration-ms="84144" started-at="2021-06-13T09:59:02Z" finished-at="2021-06-13T10:00:27Z">
      <class name="academy.HomePage">
        <test-method status="PASS" signature="browserLogin()[pri:0, instance:academy.HomePage@201a4587]" name="browserLogin" is-config="true" duration-ms="72296" started-at="2021-06-13T15:29:02Z" finished-at="2021-06-13T15:30:15Z">
          <reporter-output>
          </reporter-output>
        </test-method> <!-- browserLogin -->
        <test-method status="PASS" signature="initilizePage()[pri:0, instance:academy.HomePage@201a4587]" name="initilizePage" is-config="true" duration-ms="398" started-at="2021-06-13T15:30:15Z" finished-at="2021-06-13T15:30:15Z">
          <reporter-output>
          </reporter-output>
        </test-method> <!-- initilizePage -->
        <test-method status="FAIL" signature="getTextTc()[pri:0, instance:academy.HomePage@201a4587]" name="getTextTc" duration-ms="854" started-at="2021-06-13T15:30:15Z" finished-at="2021-06-13T15:30:16Z">
          <exception class="java.lang.AssertionError">
            <message>
              <![CDATA[expected [FEATURED1 COURSES] but found [FEATURED COURSES]]]>
            </message>
            <full-stacktrace>
              <![CDATA[java.lang.AssertionError: expected [FEATURED1 COURSES] but found [FEATURED COURSES]
	at org.testng.Assert.fail(Assert.java:94)
	at org.testng.Assert.failNotEquals(Assert.java:496)
	at org.testng.Assert.assertEquals(Assert.java:125)
	at org.testng.Assert.assertEquals(Assert.java:178)
	at org.testng.Assert.assertEquals(Assert.java:188)
	at academy.HomePage.getTextTc(HomePage.java:47)
	at sun.reflect.NativeMethodAccessorImpl.invoke0(Native Method)
	at sun.reflect.NativeMethodAccessorImpl.invoke(NativeMethodAccessorImpl.java:62)
	at sun.reflect.DelegatingMethodAccessorImpl.invoke(DelegatingMethodAccessorImpl.java:43)
	at java.lang.reflect.Method.invoke(Method.java:498)
	at org.testng.internal.MethodInvocationHelper.invokeMethod(MethodInvocationHelper.java:85)
	at org.testng.internal.Invoker.invokeMethod(Invoker.java:639)
	at org.testng.internal.Invoker.invokeTestMethod(Invoker.java:816)
	at org.testng.internal.Invoker.invokeTestMethods(Invoker.java:1124)
	at org.testng.internal.TestMethodWorker.invokeTestMethods(TestMethodWorker.java:125)
	at org.testng.internal.TestMethodWorker.run(TestMethodWorker.java:108)
	at org.testng.TestRunner.privateRun(TestRunner.java:774)
	at org.testng.TestRunner.run(TestRunner.java:624)
	at org.testng.SuiteRunner.runTest(SuiteRunner.java:359)
	at org.testng.SuiteRunner.access$000(SuiteRunner.java:39)
	at org.testng.SuiteRunner$SuiteWorker.run(SuiteRunner.java:393)
	at org.testng.internal.thread.ThreadUtil$2.call(ThreadUtil.java:64)
	at java.util.concurrent.FutureTask.run(FutureTask.java:266)
	at java.util.concurrent.ThreadPoolExecutor.runWorker(ThreadPoolExecutor.java:1149)
	at java.util.concurrent.ThreadPoolExecutor$Worker.run(ThreadPoolExecutor.java:624)
	at java.lang.Thread.run(Thread.java:748)
]]>
            </full-stacktrace>
          </exception> <!-- java.lang.AssertionError -->
          <reporter-output>
          </reporter-output>
        </test-method> <!-- getTextTc -->
        <test-method status="PASS" signature="getnavbarTc()[pri:0, instance:academy.HomePage@201a4587]" name="getnavbarTc" duration-ms="1805" started-at="2021-06-13T15:30:18Z" finished-at="2021-06-13T15:30:20Z">
          <reporter-output>
          </reporter-output>
        </test-method> <!-- getnavbarTc -->
        <test-method status="PASS" signature="closeBrowser()[pri:0, instance:academy.HomePage@201a4587]" name="closeBrowser" is-config="true" duration-ms="6960" started-at="2021-06-13T15:30:20Z" finished-at="2021-06-13T15:30:27Z">
          <reporter-output>
          </reporter-output>
        </test-method> <!-- closeBrowser -->
      </class> <!-- academy.HomePage -->
    </test> <!-- HomePage -->
    <test name="LoginPage" duration-ms="81447" started-at="2021-06-13T09:59:02Z" finished-at="2021-06-13T10:00:24Z">
      <class name="academy.LoginPageTC">
        <test-method status="PASS" signature="browserLogin()[pri:0, instance:academy.LoginPageTC@783a467b]" name="browserLogin" is-config="true" duration-ms="52530" started-at="2021-06-13T15:29:02Z" finished-at="2021-06-13T15:29:55Z">
          <reporter-output>
          </reporter-output>
        </test-method> <!-- browserLogin -->
        <test-method status="PASS" signature="initilizePage()[pri:0, instance:academy.LoginPageTC@783a467b]" name="initilizePage" is-config="true" duration-ms="182" started-at="2021-06-13T15:29:55Z" finished-at="2021-06-13T15:29:55Z">
          <reporter-output>
          </reporter-output>
        </test-method> <!-- initilizePage -->
        <test-method status="PASS" signature="getAllTC(java.lang.String, java.lang.String)[pri:0, instance:academy.LoginPageTC@783a467b]" name="getAllTC" duration-ms="13487" started-at="2021-06-13T15:29:55Z" data-provider="dataProvider1" finished-at="2021-06-13T15:30:09Z">
          <params>
            <param index="0">
              <value>
                <![CDATA[hii@gmail.com]]>
              </value>
            </param>
            <param index="1">
              <value>
                <![CDATA[hello]]>
              </value>
            </param>
          </params>
          <reporter-output>
          </reporter-output>
        </test-method> <!-- getAllTC -->
        <test-method status="PASS" signature="getAllTC(java.lang.String, java.lang.String)[pri:0, instance:academy.LoginPageTC@783a467b]" name="getAllTC" duration-ms="7352" started-at="2021-06-13T15:30:09Z" data-provider="dataProvider1" finished-at="2021-06-13T15:30:16Z">
          <params>
            <param index="0">
              <value>
                <![CDATA[hii]]>
              </value>
            </param>
            <param index="1">
              <value>
                <![CDATA[hello]]>
              </value>
            </param>
          </params>
          <reporter-output>
          </reporter-output>
        </test-method> <!-- getAllTC -->
        <test-method status="PASS" signature="closeBrowser()[pri:0, instance:academy.LoginPageTC@783a467b]" name="closeBrowser" is-config="true" duration-ms="7513" started-at="2021-06-13T15:30:16Z" finished-at="2021-06-13T15:30:24Z">
          <reporter-output>
          </reporter-output>
        </test-method> <!-- closeBrowser -->
      </class> <!-- academy.LoginPageTC -->
    </test> <!-- LoginPage -->
  </suite> <!-- Suite -->
</testng-results>
